<?xml version="1.0" encoding="UTF-8"?>
<!-- Generated by org.testng.reporters.JUnitXMLReporter -->
<testsuite hostname="localhost.localdomain" ignored="0" name="Test" tests="3" failures="0" timestamp="14 Aug 2019 14:02:00 GMT" time="6.072" errors="0">
  <testcase name="testAdd" time="0.004" classname="project1.additiontest"/>
  <testcase name="testDiv" time="0.001" classname="project1.additiontest"/>
  <testcase name="thetest" time="5.355" classname="project1.test1"/>
</testsuite> <!-- Test -->
